<?xml version="1.0" encoding="UTF-8"?>
<!-- Generated by org.testng.reporters.JUnitReportReporter -->
<testsuite hostname="Sathish" failures="0" tests="4" name="VD42.OrangeHRM" time="20.677" errors="0" timestamp="2024-08-11T10:20:11 IST" skipped="0">
  <testcase classname="VD42.OrangeHRM" name="openapp" time="16.692"/>
  <system-out/>
  <testcase classname="VD42.OrangeHRM" name="logocheck" time="3.240"/>
  <system-out/>
  <testcase classname="VD42.OrangeHRM" name="loginapp" time="0.501"/>
  <system-out/>
  <testcase classname="VD42.OrangeHRM" name="logoutapp" time="0.244"/>
  <system-out/>
</testsuite> <!-- VD42.OrangeHRM -->
