<?xml version="1.0" encoding="UTF-8"?>
<!-- Generated by org.testng.reporters.JUnitReportReporter -->
<testsuite hostname="Sathish" failures="0" tests="9" name="VD45.ParamTest" time="4.075" errors="0" timestamp="2024-08-07T16:47:16 IST" skipped="0">
  <testcase classname="VD45.ParamTest" name="testlogo" time="0.957"/>
  <system-out/>
  <testcase classname="VD45.ParamTest" name="testlogo" time="0.839"/>
  <system-out/>
  <testcase classname="VD45.ParamTest" name="testlogo" time="1.055"/>
  <system-out/>
  <testcase classname="VD45.ParamTest" name="testtitle" time="0.362"/>
  <system-out/>
  <testcase classname="VD45.ParamTest" name="testtitle" time="0.190"/>
  <system-out/>
  <testcase classname="VD45.ParamTest" name="testtitle" time="0.017"/>
  <system-out/>
  <testcase classname="VD45.ParamTest" name="testurl" time="0.019"/>
  <system-out/>
  <testcase classname="VD45.ParamTest" name="testurl" time="0.603"/>
  <system-out/>
  <testcase classname="VD45.ParamTest" name="testurl" time="0.033"/>
  <system-out/>
</testsuite> <!-- VD45.ParamTest -->
