<?xml version="1.0" encoding="UTF-8"?>
<!-- Generated by org.testng.reporters.JUnitReportReporter -->
<testsuite hostname="Sathish" failures="0" tests="1" name="VD43.Assertions.HardAssertions1" time="0.019" errors="0" timestamp="2024-08-11T11:00:21 IST" skipped="0">
  <testcase classname="VD43.Assertions.HardAssertions1" name="test" time="0.019"/>
  <system-out/>
</testsuite> <!-- VD43.Assertions.HardAssertions1 -->
