<?xml version="1.0" encoding="UTF-8"?>
<!-- Generated by org.testng.reporters.JUnitReportReporter -->
<testsuite hostname="Sathish" failures="0" tests="1" name="VD43.Assertions.Assertion1" time="0.018" errors="0" timestamp="2024-08-06T17:47:24 IST" skipped="0">
  <testcase classname="VD43.Assertions.Assertion1" name="testTitle" time="0.018"/>
  <system-out/>
</testsuite> <!-- VD43.Assertions.Assertion1 -->
