<?xml version="1.0" encoding="UTF-8"?>
<!-- Generated by org.testng.reporters.JUnitReportReporter -->
<testsuite hostname="Sathish" failures="0" tests="3" name="VD44.LoginTest" time="0.019" errors="0" timestamp="2024-08-06T19:07:57 IST" skipped="0">
  <testcase classname="VD44.LoginTest" name="loginbyemail" time="0.015"/>
  <system-out/>
  <testcase classname="VD44.LoginTest" name="loginbyfacebook" time="0.002"/>
  <system-out/>
  <testcase classname="VD44.LoginTest" name="loginbytwitter" time="0.002"/>
  <system-out/>
</testsuite> <!-- VD44.LoginTest -->
