<?xml version="1.0" encoding="UTF-8"?>
<!-- Generated by org.testng.reporters.JUnitReportReporter -->
<testsuite hostname="Sathish" failures="0" tests="4" name="VD42.Test2" time="19.689" errors="0" timestamp="2024-08-04T21:56:36 IST" skipped="0">
  <testcase classname="VD42.Test2" name="openapp" time="14.150"/>
  <system-out/>
  <testcase classname="VD42.Test2" name="checklogo" time="3.153"/>
  <system-out/>
  <testcase classname="VD42.Test2" name="loginapp" time="2.187"/>
  <system-out/>
  <testcase classname="VD42.Test2" name="close" time="0.199"/>
  <system-out/>
</testsuite> <!-- VD42.Test2 -->
