<?xml version="1.0" encoding="UTF-8"?>
<!-- Generated by org.testng.reporters.JUnitReportReporter -->
<testsuite hostname="Sathish" failures="0" tests="1" name="VD43.pack.pack3" time="0.002" errors="0" timestamp="2024-08-11T10:47:14 IST" skipped="0">
  <testcase classname="VD43.pack.pack3" name="test3" time="0.002"/>
  <system-out/>
</testsuite> <!-- VD43.pack.pack3 -->
