<?xml version="1.0" encoding="UTF-8"?>
<!-- Generated by org.testng.reporters.JUnitReportReporter -->
<testsuite hostname="Sathish" failures="0" tests="1" name="VD47.LoginTest" time="3.271" errors="0" timestamp="2024-08-09T21:17:07 IST" skipped="0">
  <testcase classname="VD47.LoginTest" name="testLogin" time="3.271"/>
  <system-out/>
</testsuite> <!-- VD47.LoginTest -->
