<?xml version="1.0" encoding="UTF-8"?>
<!-- Generated by org.testng.reporters.JUnitReportReporter -->
<testsuite hostname="Sathish" failures="0" tests="2" name="VD43.AnnotationsDemo1" time="0.012" errors="0" timestamp="2024-08-11T10:36:31 IST" skipped="0">
  <testcase classname="VD43.AnnotationsDemo1" name="search" time="0.009"/>
  <system-out/>
  <testcase classname="VD43.AnnotationsDemo1" name="advsearch" time="0.003"/>
  <system-out/>
</testsuite> <!-- VD43.AnnotationsDemo1 -->
