<?xml version="1.0" encoding="UTF-8"?>
<!-- Generated by org.testng.reporters.JUnitReportReporter -->
<testsuite hostname="Sathish" failures="0" tests="3" name="VD44.Revision.Payments" time="0.005" errors="0" timestamp="2024-08-11T11:44:02 IST" skipped="0">
  <testcase classname="VD44.Revision.Payments" name="fpsc1" time="0.002"/>
  <system-out/>
  <testcase classname="VD44.Revision.Payments" name="fpsc2" time="0.002"/>
  <system-out/>
  <testcase classname="VD44.Revision.Payments" name="fpsc3" time="0.001"/>
  <system-out/>
</testsuite> <!-- VD44.Revision.Payments -->
