<?xml version="1.0" encoding="UTF-8"?>
<!-- Generated by org.testng.reporters.JUnitReportReporter -->
<testsuite hostname="Sathish" failures="0" tests="2" name="VD44.PaymentTests" time="0.013" errors="0" timestamp="2024-08-06T19:05:12 IST" skipped="0">
  <testcase classname="VD44.PaymentTests" name="paymentinrupees" time="0.005"/>
  <system-out/>
  <testcase classname="VD44.PaymentTests" name="paymentindollars" time="0.008"/>
  <system-out/>
</testsuite> <!-- VD44.PaymentTests -->
