<?xml version="1.0" encoding="UTF-8"?>
<!-- Generated by org.testng.reporters.JUnitReportReporter -->
<testsuite hostname="Sathish" failures="0" tests="2" name="VD44.Revision.Trade" time="0.018" errors="0" timestamp="2024-08-11T11:43:29 IST" skipped="0">
  <testcase classname="VD44.Revision.Trade" name="trade1" time="0.015"/>
  <system-out/>
  <testcase classname="VD44.Revision.Trade" name="trade2" time="0.003"/>
  <system-out/>
</testsuite> <!-- VD44.Revision.Trade -->
