<?xml version="1.0" encoding="UTF-8"?>
<!-- Generated by org.testng.reporters.JUnitReportReporter -->
<testsuite hostname="Sathish" failures="0" tests="1" name="VD47.Revision.LoginTest" time="2.022" errors="0" timestamp="2024-08-10T10:47:50 IST" skipped="0">
  <testcase classname="VD47.Revision.LoginTest" name="testLogin" time="2.022"/>
  <system-out/>
</testsuite> <!-- VD47.Revision.LoginTest -->
