<?xml version="1.0" encoding="UTF-8"?>
<!-- Generated by org.testng.reporters.JUnitReportReporter -->
<testsuite hostname="Sathish" failures="0" tests="2" name="VD43.pack.pack1" time="0.015" errors="0" timestamp="2024-08-11T10:47:14 IST" skipped="0">
  <testcase classname="VD43.pack.pack1" name="test2" time="0.006"/>
  <system-out/>
  <testcase classname="VD43.pack.pack1" name="test2" time="0.009"/>
  <system-out/>
</testsuite> <!-- VD43.pack.pack1 -->
