<?xml version="1.0" encoding="UTF-8"?>
<!-- Generated by org.testng.reporters.JUnitReportReporter -->
<testsuite hostname="Sathish" failures="0" tests="6" name="VD43.pack.AllAnnotations" time="0.053" errors="0" timestamp="2024-08-06T16:42:12 IST" skipped="0">
  <testcase classname="VD43.pack.AllAnnotations" name="test1" time="0.013"/>
  <system-out/>
  <testcase classname="VD43.pack.AllAnnotations" name="test3" time="0.008"/>
  <system-out/>
  <testcase classname="VD43.pack.AllAnnotations" name="search" time="0.006"/>
  <system-out/>
  <testcase classname="VD43.pack.AllAnnotations" name="search1" time="0.010"/>
  <system-out/>
  <testcase classname="VD43.pack.AllAnnotations" name="advsearch1" time="0.006"/>
  <system-out/>
  <testcase classname="VD43.pack.AllAnnotations" name="advsearch" time="0.010"/>
  <system-out/>
</testsuite> <!-- VD43.pack.AllAnnotations -->
