<?xml version="1.0" encoding="UTF-8"?>
<!-- Generated by org.testng.reporters.JUnitReportReporter -->
<testsuite hostname="Sathish" failures="0" tests="2" name="VD44.Revision.Loans" time="0.012" errors="0" timestamp="2024-08-11T11:44:02 IST" skipped="0">
  <testcase classname="VD44.Revision.Loans" name="carloan" time="0.010"/>
  <system-out/>
  <testcase classname="VD44.Revision.Loans" name="bikeloan" time="0.002"/>
  <system-out/>
</testsuite> <!-- VD44.Revision.Loans -->
