<?xml version="1.0" encoding="UTF-8"?>
<!-- Generated by org.testng.reporters.JUnitReportReporter -->
<testsuite hostname="Sathish" failures="0" tests="3" name="VD42.Test1" time="0.022" errors="0" timestamp="2024-08-11T10:20:11 IST" skipped="0">
  <testcase classname="VD42.Test1" name="loginapp" time="0.007"/>
  <system-out/>
  <testcase classname="VD42.Test1" name="openapp" time="0.006"/>
  <system-out/>
  <testcase classname="VD42.Test1" name="logoutapp" time="0.009"/>
  <system-out/>
</testsuite> <!-- VD42.Test1 -->
