<?xml version="1.0" encoding="UTF-8"?>
<!-- Generated by org.testng.reporters.JUnitReportReporter -->
<testsuite hostname="Sathish" failures="0" tests="2" name="VD47.Revision.OrangeTestPage" time="3.184" errors="0" timestamp="2024-08-16T21:29:39 IST" skipped="0">
  <testcase classname="VD47.Revision.OrangeTestPage" name="login" time="2.952"/>
  <system-out/>
  <testcase classname="VD47.Revision.OrangeTestPage" name="tearDown" time="0.232"/>
  <system-out/>
</testsuite> <!-- VD47.Revision.OrangeTestPage -->
