<?xml version="1.0" encoding="UTF-8"?>
<!-- Generated by org.testng.reporters.JUnitReportReporter -->
<testsuite hostname="Sathish" failures="0" tests="3" name="VD44.Signuptest" time="0.013" errors="0" timestamp="2024-08-06T19:07:57 IST" skipped="0">
  <testcase classname="VD44.Signuptest" name="signbyemail" time="0.002"/>
  <system-out/>
  <testcase classname="VD44.Signuptest" name="signbyfacebook" time="0.002"/>
  <system-out/>
  <testcase classname="VD44.Signuptest" name="signbytwitter" time="0.009"/>
  <system-out/>
</testsuite> <!-- VD44.Signuptest -->
