<?xml version="1.0" encoding="UTF-8"?>
<!-- Generated by org.testng.reporters.JUnitReportReporter -->
<testsuite hostname="Sathish" failures="0" tests="2" name="VD43.AnnotationsPractice" time="0.024" errors="0" timestamp="2024-08-06T16:46:16 IST" skipped="0">
  <testcase classname="VD43.AnnotationsPractice" name="test2" time="0.011"/>
  <system-out/>
  <testcase classname="VD43.AnnotationsPractice" name="test1" time="0.013"/>
  <system-out/>
</testsuite> <!-- VD43.AnnotationsPractice -->
